The system is: Linux - 4.4.0-112-generic - x86_64
Compiling the C compiler identification source file "CMakeCCompilerId.c" succeeded.
Compiler: /usr/bin/cc 
Build flags: 
Id flags: 

The output was:
0


Compilation of the C compiler identification source "CMakeCCompilerId.c" produced "a.out"

The C compiler identification is GNU, found in "/home/sefo/.emacs.d/elpa/rtags-20180224.1658/rtags-2.18/CMakeFiles/3.5.1/CompilerIdC/a.out"

Compiling the CXX compiler identification source file "CMakeCXXCompilerId.cpp" succeeded.
Compiler: /usr/bin/c++ 
Build flags: 
Id flags: 

The output was:
0


Compilation of the CXX compiler identification source "CMakeCXXCompilerId.cpp" produced "a.out"

The CXX compiler identification is GNU, found in "/home/sefo/.emacs.d/elpa/rtags-20180224.1658/rtags-2.18/CMakeFiles/3.5.1/CompilerIdCXX/a.out"

Determining if the C compiler works passed with the following output:
Change Dir: /home/sefo/.emacs.d/elpa/rtags-20180224.1658/rtags-2.18/CMakeFiles/CMakeTmp

Run Build Command:"/usr/bin/make" "cmTC_f1833/fast"
/usr/bin/make -f CMakeFiles/cmTC_f1833.dir/build.make CMakeFiles/cmTC_f1833.dir/build
make[1]: Entering directory '/home/sefo/.emacs.d/elpa/rtags-20180224.1658/rtags-2.18/CMakeFiles/CMakeTmp'
Building C object CMakeFiles/cmTC_f1833.dir/testCCompiler.c.o
/usr/bin/cc     -o CMakeFiles/cmTC_f1833.dir/testCCompiler.c.o   -c /home/sefo/.emacs.d/elpa/rtags-20180224.1658/rtags-2.18/CMakeFiles/CMakeTmp/testCCompiler.c
Linking C executable cmTC_f1833
/usr/bin/cmake -E cmake_link_script CMakeFiles/cmTC_f1833.dir/link.txt --verbose=1
/usr/bin/cc       CMakeFiles/cmTC_f1833.dir/testCCompiler.c.o  -o cmTC_f1833 -rdynamic 
make[1]: Leaving directory '/home/sefo/.emacs.d/elpa/rtags-20180224.1658/rtags-2.18/CMakeFiles/CMakeTmp'


Detecting C compiler ABI info compiled with the following output:
Change Dir: /home/sefo/.emacs.d/elpa/rtags-20180224.1658/rtags-2.18/CMakeFiles/CMakeTmp

Run Build Command:"/usr/bin/make" "cmTC_24afa/fast"
/usr/bin/make -f CMakeFiles/cmTC_24afa.dir/build.make CMakeFiles/cmTC_24afa.dir/build
make[1]: Entering directory '/home/sefo/.emacs.d/elpa/rtags-20180224.1658/rtags-2.18/CMakeFiles/CMakeTmp'
Building C object CMakeFiles/cmTC_24afa.dir/CMakeCCompilerABI.c.o
/usr/bin/cc     -o CMakeFiles/cmTC_24afa.dir/CMakeCCompilerABI.c.o   -c /usr/share/cmake-3.5/Modules/CMakeCCompilerABI.c
Linking C executable cmTC_24afa
/usr/bin/cmake -E cmake_link_script CMakeFiles/cmTC_24afa.dir/link.txt --verbose=1
/usr/bin/cc      -v CMakeFiles/cmTC_24afa.dir/CMakeCCompilerABI.c.o  -o cmTC_24afa -rdynamic  
Using built-in specs.
COLLECT_GCC=/usr/bin/cc
COLLECT_LTO_WRAPPER=/usr/lib/gcc/x86_64-linux-gnu/5/lto-wrapper
Target: x86_64-linux-gnu
Configured with: ../src/configure -v --with-pkgversion='Ubuntu 5.4.0-6ubuntu1~16.04.5' --with-bugurl=file:///usr/share/doc/gcc-5/README.Bugs --enable-languages=c,ada,c++,java,go,d,fortran,objc,obj-c++ --prefix=/usr --program-suffix=-5 --enable-shared --enable-linker-build-id --libexecdir=/usr/lib --without-included-gettext --enable-threads=posix --libdir=/usr/lib --enable-nls --with-sysroot=/ --enable-clocale=gnu --enable-libstdcxx-debug --enable-libstdcxx-time=yes --with-default-libstdcxx-abi=new --enable-gnu-unique-object --disable-vtable-verify --enable-libmpx --enable-plugin --with-system-zlib --disable-browser-plugin --enable-java-awt=gtk --enable-gtk-cairo --with-java-home=/usr/lib/jvm/java-1.5.0-gcj-5-amd64/jre --enable-java-home --with-jvm-root-dir=/usr/lib/jvm/java-1.5.0-gcj-5-amd64 --with-jvm-jar-dir=/usr/lib/jvm-exports/java-1.5.0-gcj-5-amd64 --with-arch-directory=amd64 --with-ecj-jar=/usr/share/java/eclipse-ecj.jar --enable-objc-gc --enable-multiarch --disable-werror --with-arch-32=i686 --with-abi=m64 --with-multilib-list=m32,m64,mx32 --enable-multilib --with-tune=generic --enable-checking=release --build=x86_64-linux-gnu --host=x86_64-linux-gnu --target=x86_64-linux-gnu
Thread model: posix
gcc version 5.4.0 20160609 (Ubuntu 5.4.0-6ubuntu1~16.04.5) 
COMPILER_PATH=/usr/lib/gcc/x86_64-linux-gnu/5/:/usr/lib/gcc/x86_64-linux-gnu/5/:/usr/lib/gcc/x86_64-linux-gnu/:/usr/lib/gcc/x86_64-linux-gnu/5/:/usr/lib/gcc/x86_64-linux-gnu/
LIBRARY_PATH=/usr/lib/gcc/x86_64-linux-gnu/5/:/usr/lib/gcc/x86_64-linux-gnu/5/../../../x86_64-linux-gnu/:/usr/lib/gcc/x86_64-linux-gnu/5/../../../../lib/:/lib/x86_64-linux-gnu/:/lib/../lib/:/usr/lib/x86_64-linux-gnu/:/usr/lib/../lib/:/usr/lib/gcc/x86_64-linux-gnu/5/../../../:/lib/:/usr/lib/
COLLECT_GCC_OPTIONS='-v' '-o' 'cmTC_24afa' '-rdynamic' '-mtune=generic' '-march=x86-64'
 /usr/lib/gcc/x86_64-linux-gnu/5/collect2 -plugin /usr/lib/gcc/x86_64-linux-gnu/5/liblto_plugin.so -plugin-opt=/usr/lib/gcc/x86_64-linux-gnu/5/lto-wrapper -plugin-opt=-fresolution=/tmp/ccLYRXLk.res -plugin-opt=-pass-through=-lgcc -plugin-opt=-pass-through=-lgcc_s -plugin-opt=-pass-through=-lc -plugin-opt=-pass-through=-lgcc -plugin-opt=-pass-through=-lgcc_s --sysroot=/ --build-id --eh-frame-hdr -m elf_x86_64 --hash-style=gnu --as-needed -export-dynamic -dynamic-linker /lib64/ld-linux-x86-64.so.2 -z relro -o cmTC_24afa /usr/lib/gcc/x86_64-linux-gnu/5/../../../x86_64-linux-gnu/crt1.o /usr/lib/gcc/x86_64-linux-gnu/5/../../../x86_64-linux-gnu/crti.o /usr/lib/gcc/x86_64-linux-gnu/5/crtbegin.o -L/usr/lib/gcc/x86_64-linux-gnu/5 -L/usr/lib/gcc/x86_64-linux-gnu/5/../../../x86_64-linux-gnu -L/usr/lib/gcc/x86_64-linux-gnu/5/../../../../lib -L/lib/x86_64-linux-gnu -L/lib/../lib -L/usr/lib/x86_64-linux-gnu -L/usr/lib/../lib -L/usr/lib/gcc/x86_64-linux-gnu/5/../../.. CMakeFiles/cmTC_24afa.dir/CMakeCCompilerABI.c.o -lgcc --as-needed -lgcc_s --no-as-needed -lc -lgcc --as-needed -lgcc_s --no-as-needed /usr/lib/gcc/x86_64-linux-gnu/5/crtend.o /usr/lib/gcc/x86_64-linux-gnu/5/../../../x86_64-linux-gnu/crtn.o
make[1]: Leaving directory '/home/sefo/.emacs.d/elpa/rtags-20180224.1658/rtags-2.18/CMakeFiles/CMakeTmp'


Parsed C implicit link information from above output:
  link line regex: [^( *|.*[/\])(ld|([^/\]+-)?ld|collect2)[^/\]*( |$)]
  ignore line: [Change Dir: /home/sefo/.emacs.d/elpa/rtags-20180224.1658/rtags-2.18/CMakeFiles/CMakeTmp]
  ignore line: []
  ignore line: [Run Build Command:"/usr/bin/make" "cmTC_24afa/fast"]
  ignore line: [/usr/bin/make -f CMakeFiles/cmTC_24afa.dir/build.make CMakeFiles/cmTC_24afa.dir/build]
  ignore line: [make[1]: Entering directory '/home/sefo/.emacs.d/elpa/rtags-20180224.1658/rtags-2.18/CMakeFiles/CMakeTmp']
  ignore line: [Building C object CMakeFiles/cmTC_24afa.dir/CMakeCCompilerABI.c.o]
  ignore line: [/usr/bin/cc     -o CMakeFiles/cmTC_24afa.dir/CMakeCCompilerABI.c.o   -c /usr/share/cmake-3.5/Modules/CMakeCCompilerABI.c]
  ignore line: [Linking C executable cmTC_24afa]
  ignore line: [/usr/bin/cmake -E cmake_link_script CMakeFiles/cmTC_24afa.dir/link.txt --verbose=1]
  ignore line: [/usr/bin/cc      -v CMakeFiles/cmTC_24afa.dir/CMakeCCompilerABI.c.o  -o cmTC_24afa -rdynamic  ]
  ignore line: [Using built-in specs.]
  ignore line: [COLLECT_GCC=/usr/bin/cc]
  ignore line: [COLLECT_LTO_WRAPPER=/usr/lib/gcc/x86_64-linux-gnu/5/lto-wrapper]
  ignore line: [Target: x86_64-linux-gnu]
  ignore line: [Configured with: ../src/configure -v --with-pkgversion='Ubuntu 5.4.0-6ubuntu1~16.04.5' --with-bugurl=file:///usr/share/doc/gcc-5/README.Bugs --enable-languages=c,ada,c++,java,go,d,fortran,objc,obj-c++ --prefix=/usr --program-suffix=-5 --enable-shared --enable-linker-build-id --libexecdir=/usr/lib --without-included-gettext --enable-threads=posix --libdir=/usr/lib --enable-nls --with-sysroot=/ --enable-clocale=gnu --enable-libstdcxx-debug --enable-libstdcxx-time=yes --with-default-libstdcxx-abi=new --enable-gnu-unique-object --disable-vtable-verify --enable-libmpx --enable-plugin --with-system-zlib --disable-browser-plugin --enable-java-awt=gtk --enable-gtk-cairo --with-java-home=/usr/lib/jvm/java-1.5.0-gcj-5-amd64/jre --enable-java-home --with-jvm-root-dir=/usr/lib/jvm/java-1.5.0-gcj-5-amd64 --with-jvm-jar-dir=/usr/lib/jvm-exports/java-1.5.0-gcj-5-amd64 --with-arch-directory=amd64 --with-ecj-jar=/usr/share/java/eclipse-ecj.jar --enable-objc-gc --enable-multiarch --disable-werror --with-arch-32=i686 --with-abi=m64 --with-multilib-list=m32,m64,mx32 --enable-multilib --with-tune=generic --enable-checking=release --build=x86_64-linux-gnu --host=x86_64-linux-gnu --target=x86_64-linux-gnu]
  ignore line: [Thread model: posix]
  ignore line: [gcc version 5.4.0 20160609 (Ubuntu 5.4.0-6ubuntu1~16.04.5) ]
  ignore line: [COMPILER_PATH=/usr/lib/gcc/x86_64-linux-gnu/5/:/usr/lib/gcc/x86_64-linux-gnu/5/:/usr/lib/gcc/x86_64-linux-gnu/:/usr/lib/gcc/x86_64-linux-gnu/5/:/usr/lib/gcc/x86_64-linux-gnu/]
  ignore line: [LIBRARY_PATH=/usr/lib/gcc/x86_64-linux-gnu/5/:/usr/lib/gcc/x86_64-linux-gnu/5/../../../x86_64-linux-gnu/:/usr/lib/gcc/x86_64-linux-gnu/5/../../../../lib/:/lib/x86_64-linux-gnu/:/lib/../lib/:/usr/lib/x86_64-linux-gnu/:/usr/lib/../lib/:/usr/lib/gcc/x86_64-linux-gnu/5/../../../:/lib/:/usr/lib/]
  ignore line: [COLLECT_GCC_OPTIONS='-v' '-o' 'cmTC_24afa' '-rdynamic' '-mtune=generic' '-march=x86-64']
  link line: [ /usr/lib/gcc/x86_64-linux-gnu/5/collect2 -plugin /usr/lib/gcc/x86_64-linux-gnu/5/liblto_plugin.so -plugin-opt=/usr/lib/gcc/x86_64-linux-gnu/5/lto-wrapper -plugin-opt=-fresolution=/tmp/ccLYRXLk.res -plugin-opt=-pass-through=-lgcc -plugin-opt=-pass-through=-lgcc_s -plugin-opt=-pass-through=-lc -plugin-opt=-pass-through=-lgcc -plugin-opt=-pass-through=-lgcc_s --sysroot=/ --build-id --eh-frame-hdr -m elf_x86_64 --hash-style=gnu --as-needed -export-dynamic -dynamic-linker /lib64/ld-linux-x86-64.so.2 -z relro -o cmTC_24afa /usr/lib/gcc/x86_64-linux-gnu/5/../../../x86_64-linux-gnu/crt1.o /usr/lib/gcc/x86_64-linux-gnu/5/../../../x86_64-linux-gnu/crti.o /usr/lib/gcc/x86_64-linux-gnu/5/crtbegin.o -L/usr/lib/gcc/x86_64-linux-gnu/5 -L/usr/lib/gcc/x86_64-linux-gnu/5/../../../x86_64-linux-gnu -L/usr/lib/gcc/x86_64-linux-gnu/5/../../../../lib -L/lib/x86_64-linux-gnu -L/lib/../lib -L/usr/lib/x86_64-linux-gnu -L/usr/lib/../lib -L/usr/lib/gcc/x86_64-linux-gnu/5/../../.. CMakeFiles/cmTC_24afa.dir/CMakeCCompilerABI.c.o -lgcc --as-needed -lgcc_s --no-as-needed -lc -lgcc --as-needed -lgcc_s --no-as-needed /usr/lib/gcc/x86_64-linux-gnu/5/crtend.o /usr/lib/gcc/x86_64-linux-gnu/5/../../../x86_64-linux-gnu/crtn.o]
    arg [/usr/lib/gcc/x86_64-linux-gnu/5/collect2] ==> ignore
    arg [-plugin] ==> ignore
    arg [/usr/lib/gcc/x86_64-linux-gnu/5/liblto_plugin.so] ==> ignore
    arg [-plugin-opt=/usr/lib/gcc/x86_64-linux-gnu/5/lto-wrapper] ==> ignore
    arg [-plugin-opt=-fresolution=/tmp/ccLYRXLk.res] ==> ignore
    arg [-plugin-opt=-pass-through=-lgcc] ==> ignore
    arg [-plugin-opt=-pass-through=-lgcc_s] ==> ignore
    arg [-plugin-opt=-pass-through=-lc] ==> ignore
    arg [-plugin-opt=-pass-through=-lgcc] ==> ignore
    arg [-plugin-opt=-pass-through=-lgcc_s] ==> ignore
    arg [--sysroot=/] ==> ignore
    arg [--build-id] ==> ignore
    arg [--eh-frame-hdr] ==> ignore
    arg [-m] ==> ignore
    arg [elf_x86_64] ==> ignore
    arg [--hash-style=gnu] ==> ignore
    arg [--as-needed] ==> ignore
    arg [-export-dynamic] ==> ignore
    arg [-dynamic-linker] ==> ignore
    arg [/lib64/ld-linux-x86-64.so.2] ==> ignore
    arg [-zrelro] ==> ignore
    arg [-o] ==> ignore
    arg [cmTC_24afa] ==> ignore
    arg [/usr/lib/gcc/x86_64-linux-gnu/5/../../../x86_64-linux-gnu/crt1.o] ==> ignore
    arg [/usr/lib/gcc/x86_64-linux-gnu/5/../../../x86_64-linux-gnu/crti.o] ==> ignore
    arg [/usr/lib/gcc/x86_64-linux-gnu/5/crtbegin.o] ==> ignore
    arg [-L/usr/lib/gcc/x86_64-linux-gnu/5] ==> dir [/usr/lib/gcc/x86_64-linux-gnu/5]
    arg [-L/usr/lib/gcc/x86_64-linux-gnu/5/../../../x86_64-linux-gnu] ==> dir [/usr/lib/gcc/x86_64-linux-gnu/5/../../../x86_64-linux-gnu]
    arg [-L/usr/lib/gcc/x86_64-linux-gnu/5/../../../../lib] ==> dir [/usr/lib/gcc/x86_64-linux-gnu/5/../../../../lib]
    arg [-L/lib/x86_64-linux-gnu] ==> dir [/lib/x86_64-linux-gnu]
    arg [-L/lib/../lib] ==> dir [/lib/../lib]
    arg [-L/usr/lib/x86_64-linux-gnu] ==> dir [/usr/lib/x86_64-linux-gnu]
    arg [-L/usr/lib/../lib] ==> dir [/usr/lib/../lib]
    arg [-L/usr/lib/gcc/x86_64-linux-gnu/5/../../..] ==> dir [/usr/lib/gcc/x86_64-linux-gnu/5/../../..]
    arg [CMakeFiles/cmTC_24afa.dir/CMakeCCompilerABI.c.o] ==> ignore
    arg [-lgcc] ==> lib [gcc]
    arg [--as-needed] ==> ignore
    arg [-lgcc_s] ==> lib [gcc_s]
    arg [--no-as-needed] ==> ignore
    arg [-lc] ==> lib [c]
    arg [-lgcc] ==> lib [gcc]
    arg [--as-needed] ==> ignore
    arg [-lgcc_s] ==> lib [gcc_s]
    arg [--no-as-needed] ==> ignore
    arg [/usr/lib/gcc/x86_64-linux-gnu/5/crtend.o] ==> ignore
    arg [/usr/lib/gcc/x86_64-linux-gnu/5/../../../x86_64-linux-gnu/crtn.o] ==> ignore
  remove lib [gcc]
  remove lib [gcc_s]
  remove lib [gcc]
  remove lib [gcc_s]
  collapse library dir [/usr/lib/gcc/x86_64-linux-gnu/5] ==> [/usr/lib/gcc/x86_64-linux-gnu/5]
  collapse library dir [/usr/lib/gcc/x86_64-linux-gnu/5/../../../x86_64-linux-gnu] ==> [/usr/lib/x86_64-linux-gnu]
  collapse library dir [/usr/lib/gcc/x86_64-linux-gnu/5/../../../../lib] ==> [/usr/lib]
  collapse library dir [/lib/x86_64-linux-gnu] ==> [/lib/x86_64-linux-gnu]
  collapse library dir [/lib/../lib] ==> [/lib]
  collapse library dir [/usr/lib/x86_64-linux-gnu] ==> [/usr/lib/x86_64-linux-gnu]
  collapse library dir [/usr/lib/../lib] ==> [/usr/lib]
  collapse library dir [/usr/lib/gcc/x86_64-linux-gnu/5/../../..] ==> [/usr/lib]
  implicit libs: [c]
  implicit dirs: [/usr/lib/gcc/x86_64-linux-gnu/5;/usr/lib/x86_64-linux-gnu;/usr/lib;/lib/x86_64-linux-gnu;/lib]
  implicit fwks: []




Detecting C [-std=c11] compiler features compiled with the following output:
Change Dir: /home/sefo/.emacs.d/elpa/rtags-20180224.1658/rtags-2.18/CMakeFiles/CMakeTmp

Run Build Command:"/usr/bin/make" "cmTC_fdbcb/fast"
/usr/bin/make -f CMakeFiles/cmTC_fdbcb.dir/build.make CMakeFiles/cmTC_fdbcb.dir/build
make[1]: Entering directory '/home/sefo/.emacs.d/elpa/rtags-20180224.1658/rtags-2.18/CMakeFiles/CMakeTmp'
Building C object CMakeFiles/cmTC_fdbcb.dir/feature_tests.c.o
/usr/bin/cc    -std=c11 -o CMakeFiles/cmTC_fdbcb.dir/feature_tests.c.o   -c /home/sefo/.emacs.d/elpa/rtags-20180224.1658/rtags-2.18/CMakeFiles/feature_tests.c
Linking C executable cmTC_fdbcb
/usr/bin/cmake -E cmake_link_script CMakeFiles/cmTC_fdbcb.dir/link.txt --verbose=1
/usr/bin/cc       CMakeFiles/cmTC_fdbcb.dir/feature_tests.c.o  -o cmTC_fdbcb -rdynamic 
make[1]: Leaving directory '/home/sefo/.emacs.d/elpa/rtags-20180224.1658/rtags-2.18/CMakeFiles/CMakeTmp'


    Feature record: C_FEATURE:1c_function_prototypes
    Feature record: C_FEATURE:1c_restrict
    Feature record: C_FEATURE:1c_static_assert
    Feature record: C_FEATURE:1c_variadic_macros


Detecting C [-std=c99] compiler features compiled with the following output:
Change Dir: /home/sefo/.emacs.d/elpa/rtags-20180224.1658/rtags-2.18/CMakeFiles/CMakeTmp

Run Build Command:"/usr/bin/make" "cmTC_174de/fast"
/usr/bin/make -f CMakeFiles/cmTC_174de.dir/build.make CMakeFiles/cmTC_174de.dir/build
make[1]: Entering directory '/home/sefo/.emacs.d/elpa/rtags-20180224.1658/rtags-2.18/CMakeFiles/CMakeTmp'
Building C object CMakeFiles/cmTC_174de.dir/feature_tests.c.o
/usr/bin/cc    -std=c99 -o CMakeFiles/cmTC_174de.dir/feature_tests.c.o   -c /home/sefo/.emacs.d/elpa/rtags-20180224.1658/rtags-2.18/CMakeFiles/feature_tests.c
Linking C executable cmTC_174de
/usr/bin/cmake -E cmake_link_script CMakeFiles/cmTC_174de.dir/link.txt --verbose=1
/usr/bin/cc       CMakeFiles/cmTC_174de.dir/feature_tests.c.o  -o cmTC_174de -rdynamic 
make[1]: Leaving directory '/home/sefo/.emacs.d/elpa/rtags-20180224.1658/rtags-2.18/CMakeFiles/CMakeTmp'


    Feature record: C_FEATURE:1c_function_prototypes
    Feature record: C_FEATURE:1c_restrict
    Feature record: C_FEATURE:0c_static_assert
    Feature record: C_FEATURE:1c_variadic_macros


Detecting C [-std=c90] compiler features compiled with the following output:
Change Dir: /home/sefo/.emacs.d/elpa/rtags-20180224.1658/rtags-2.18/CMakeFiles/CMakeTmp

Run Build Command:"/usr/bin/make" "cmTC_f505d/fast"
/usr/bin/make -f CMakeFiles/cmTC_f505d.dir/build.make CMakeFiles/cmTC_f505d.dir/build
make[1]: Entering directory '/home/sefo/.emacs.d/elpa/rtags-20180224.1658/rtags-2.18/CMakeFiles/CMakeTmp'
Building C object CMakeFiles/cmTC_f505d.dir/feature_tests.c.o
/usr/bin/cc    -std=c90 -o CMakeFiles/cmTC_f505d.dir/feature_tests.c.o   -c /home/sefo/.emacs.d/elpa/rtags-20180224.1658/rtags-2.18/CMakeFiles/feature_tests.c
Linking C executable cmTC_f505d
/usr/bin/cmake -E cmake_link_script CMakeFiles/cmTC_f505d.dir/link.txt --verbose=1
/usr/bin/cc       CMakeFiles/cmTC_f505d.dir/feature_tests.c.o  -o cmTC_f505d -rdynamic 
make[1]: Leaving directory '/home/sefo/.emacs.d/elpa/rtags-20180224.1658/rtags-2.18/CMakeFiles/CMakeTmp'


    Feature record: C_FEATURE:1c_function_prototypes
    Feature record: C_FEATURE:0c_restrict
    Feature record: C_FEATURE:0c_static_assert
    Feature record: C_FEATURE:0c_variadic_macros
Determining if the CXX compiler works passed with the following output:
Change Dir: /home/sefo/.emacs.d/elpa/rtags-20180224.1658/rtags-2.18/CMakeFiles/CMakeTmp

Run Build Command:"/usr/bin/make" "cmTC_61e42/fast"
/usr/bin/make -f CMakeFiles/cmTC_61e42.dir/build.make CMakeFiles/cmTC_61e42.dir/build
make[1]: Entering directory '/home/sefo/.emacs.d/elpa/rtags-20180224.1658/rtags-2.18/CMakeFiles/CMakeTmp'
Building CXX object CMakeFiles/cmTC_61e42.dir/testCXXCompiler.cxx.o
/usr/bin/c++      -o CMakeFiles/cmTC_61e42.dir/testCXXCompiler.cxx.o -c /home/sefo/.emacs.d/elpa/rtags-20180224.1658/rtags-2.18/CMakeFiles/CMakeTmp/testCXXCompiler.cxx
Linking CXX executable cmTC_61e42
/usr/bin/cmake -E cmake_link_script CMakeFiles/cmTC_61e42.dir/link.txt --verbose=1
/usr/bin/c++        CMakeFiles/cmTC_61e42.dir/testCXXCompiler.cxx.o  -o cmTC_61e42 -rdynamic 
make[1]: Leaving directory '/home/sefo/.emacs.d/elpa/rtags-20180224.1658/rtags-2.18/CMakeFiles/CMakeTmp'


Detecting CXX compiler ABI info compiled with the following output:
Change Dir: /home/sefo/.emacs.d/elpa/rtags-20180224.1658/rtags-2.18/CMakeFiles/CMakeTmp

Run Build Command:"/usr/bin/make" "cmTC_95693/fast"
/usr/bin/make -f CMakeFiles/cmTC_95693.dir/build.make CMakeFiles/cmTC_95693.dir/build
make[1]: Entering directory '/home/sefo/.emacs.d/elpa/rtags-20180224.1658/rtags-2.18/CMakeFiles/CMakeTmp'
Building CXX object CMakeFiles/cmTC_95693.dir/CMakeCXXCompilerABI.cpp.o
/usr/bin/c++      -o CMakeFiles/cmTC_95693.dir/CMakeCXXCompilerABI.cpp.o -c /usr/share/cmake-3.5/Modules/CMakeCXXCompilerABI.cpp
Linking CXX executable cmTC_95693
/usr/bin/cmake -E cmake_link_script CMakeFiles/cmTC_95693.dir/link.txt --verbose=1
/usr/bin/c++       -v CMakeFiles/cmTC_95693.dir/CMakeCXXCompilerABI.cpp.o  -o cmTC_95693 -rdynamic  
Using built-in specs.
COLLECT_GCC=/usr/bin/c++
COLLECT_LTO_WRAPPER=/usr/lib/gcc/x86_64-linux-gnu/5/lto-wrapper
Target: x86_64-linux-gnu
Configured with: ../src/configure -v --with-pkgversion='Ubuntu 5.4.0-6ubuntu1~16.04.5' --with-bugurl=file:///usr/share/doc/gcc-5/README.Bugs --enable-languages=c,ada,c++,java,go,d,fortran,objc,obj-c++ --prefix=/usr --program-suffix=-5 --enable-shared --enable-linker-build-id --libexecdir=/usr/lib --without-included-gettext --enable-threads=posix --libdir=/usr/lib --enable-nls --with-sysroot=/ --enable-clocale=gnu --enable-libstdcxx-debug --enable-libstdcxx-time=yes --with-default-libstdcxx-abi=new --enable-gnu-unique-object --disable-vtable-verify --enable-libmpx --enable-plugin --with-system-zlib --disable-browser-plugin --enable-java-awt=gtk --enable-gtk-cairo --with-java-home=/usr/lib/jvm/java-1.5.0-gcj-5-amd64/jre --enable-java-home --with-jvm-root-dir=/usr/lib/jvm/java-1.5.0-gcj-5-amd64 --with-jvm-jar-dir=/usr/lib/jvm-exports/java-1.5.0-gcj-5-amd64 --with-arch-directory=amd64 --with-ecj-jar=/usr/share/java/eclipse-ecj.jar --enable-objc-gc --enable-multiarch --disable-werror --with-arch-32=i686 --with-abi=m64 --with-multilib-list=m32,m64,mx32 --enable-multilib --with-tune=generic --enable-checking=release --build=x86_64-linux-gnu --host=x86_64-linux-gnu --target=x86_64-linux-gnu
Thread model: posix
gcc version 5.4.0 20160609 (Ubuntu 5.4.0-6ubuntu1~16.04.5) 
COMPILER_PATH=/usr/lib/gcc/x86_64-linux-gnu/5/:/usr/lib/gcc/x86_64-linux-gnu/5/:/usr/lib/gcc/x86_64-linux-gnu/:/usr/lib/gcc/x86_64-linux-gnu/5/:/usr/lib/gcc/x86_64-linux-gnu/
LIBRARY_PATH=/usr/lib/gcc/x86_64-linux-gnu/5/:/usr/lib/gcc/x86_64-linux-gnu/5/../../../x86_64-linux-gnu/:/usr/lib/gcc/x86_64-linux-gnu/5/../../../../lib/:/lib/x86_64-linux-gnu/:/lib/../lib/:/usr/lib/x86_64-linux-gnu/:/usr/lib/../lib/:/usr/lib/gcc/x86_64-linux-gnu/5/../../../:/lib/:/usr/lib/
COLLECT_GCC_OPTIONS='-v' '-o' 'cmTC_95693' '-rdynamic' '-shared-libgcc' '-mtune=generic' '-march=x86-64'
 /usr/lib/gcc/x86_64-linux-gnu/5/collect2 -plugin /usr/lib/gcc/x86_64-linux-gnu/5/liblto_plugin.so -plugin-opt=/usr/lib/gcc/x86_64-linux-gnu/5/lto-wrapper -plugin-opt=-fresolution=/tmp/ccQXC8yE.res -plugin-opt=-pass-through=-lgcc_s -plugin-opt=-pass-through=-lgcc -plugin-opt=-pass-through=-lc -plugin-opt=-pass-through=-lgcc_s -plugin-opt=-pass-through=-lgcc --sysroot=/ --build-id --eh-frame-hdr -m elf_x86_64 --hash-style=gnu --as-needed -export-dynamic -dynamic-linker /lib64/ld-linux-x86-64.so.2 -z relro -o cmTC_95693 /usr/lib/gcc/x86_64-linux-gnu/5/../../../x86_64-linux-gnu/crt1.o /usr/lib/gcc/x86_64-linux-gnu/5/../../../x86_64-linux-gnu/crti.o /usr/lib/gcc/x86_64-linux-gnu/5/crtbegin.o -L/usr/lib/gcc/x86_64-linux-gnu/5 -L/usr/lib/gcc/x86_64-linux-gnu/5/../../../x86_64-linux-gnu -L/usr/lib/gcc/x86_64-linux-gnu/5/../../../../lib -L/lib/x86_64-linux-gnu -L/lib/../lib -L/usr/lib/x86_64-linux-gnu -L/usr/lib/../lib -L/usr/lib/gcc/x86_64-linux-gnu/5/../../.. CMakeFiles/cmTC_95693.dir/CMakeCXXCompilerABI.cpp.o -lstdc++ -lm -lgcc_s -lgcc -lc -lgcc_s -lgcc /usr/lib/gcc/x86_64-linux-gnu/5/crtend.o /usr/lib/gcc/x86_64-linux-gnu/5/../../../x86_64-linux-gnu/crtn.o
make[1]: Leaving directory '/home/sefo/.emacs.d/elpa/rtags-20180224.1658/rtags-2.18/CMakeFiles/CMakeTmp'


Parsed CXX implicit link information from above output:
  link line regex: [^( *|.*[/\])(ld|([^/\]+-)?ld|collect2)[^/\]*( |$)]
  ignore line: [Change Dir: /home/sefo/.emacs.d/elpa/rtags-20180224.1658/rtags-2.18/CMakeFiles/CMakeTmp]
  ignore line: []
  ignore line: [Run Build Command:"/usr/bin/make" "cmTC_95693/fast"]
  ignore line: [/usr/bin/make -f CMakeFiles/cmTC_95693.dir/build.make CMakeFiles/cmTC_95693.dir/build]
  ignore line: [make[1]: Entering directory '/home/sefo/.emacs.d/elpa/rtags-20180224.1658/rtags-2.18/CMakeFiles/CMakeTmp']
  ignore line: [Building CXX object CMakeFiles/cmTC_95693.dir/CMakeCXXCompilerABI.cpp.o]
  ignore line: [/usr/bin/c++      -o CMakeFiles/cmTC_95693.dir/CMakeCXXCompilerABI.cpp.o -c /usr/share/cmake-3.5/Modules/CMakeCXXCompilerABI.cpp]
  ignore line: [Linking CXX executable cmTC_95693]
  ignore line: [/usr/bin/cmake -E cmake_link_script CMakeFiles/cmTC_95693.dir/link.txt --verbose=1]
  ignore line: [/usr/bin/c++       -v CMakeFiles/cmTC_95693.dir/CMakeCXXCompilerABI.cpp.o  -o cmTC_95693 -rdynamic  ]
  ignore line: [Using built-in specs.]
  ignore line: [COLLECT_GCC=/usr/bin/c++]
  ignore line: [COLLECT_LTO_WRAPPER=/usr/lib/gcc/x86_64-linux-gnu/5/lto-wrapper]
  ignore line: [Target: x86_64-linux-gnu]
  ignore line: [Configured with: ../src/configure -v --with-pkgversion='Ubuntu 5.4.0-6ubuntu1~16.04.5' --with-bugurl=file:///usr/share/doc/gcc-5/README.Bugs --enable-languages=c,ada,c++,java,go,d,fortran,objc,obj-c++ --prefix=/usr --program-suffix=-5 --enable-shared --enable-linker-build-id --libexecdir=/usr/lib --without-included-gettext --enable-threads=posix --libdir=/usr/lib --enable-nls --with-sysroot=/ --enable-clocale=gnu --enable-libstdcxx-debug --enable-libstdcxx-time=yes --with-default-libstdcxx-abi=new --enable-gnu-unique-object --disable-vtable-verify --enable-libmpx --enable-plugin --with-system-zlib --disable-browser-plugin --enable-java-awt=gtk --enable-gtk-cairo --with-java-home=/usr/lib/jvm/java-1.5.0-gcj-5-amd64/jre --enable-java-home --with-jvm-root-dir=/usr/lib/jvm/java-1.5.0-gcj-5-amd64 --with-jvm-jar-dir=/usr/lib/jvm-exports/java-1.5.0-gcj-5-amd64 --with-arch-directory=amd64 --with-ecj-jar=/usr/share/java/eclipse-ecj.jar --enable-objc-gc --enable-multiarch --disable-werror --with-arch-32=i686 --with-abi=m64 --with-multilib-list=m32,m64,mx32 --enable-multilib --with-tune=generic --enable-checking=release --build=x86_64-linux-gnu --host=x86_64-linux-gnu --target=x86_64-linux-gnu]
  ignore line: [Thread model: posix]
  ignore line: [gcc version 5.4.0 20160609 (Ubuntu 5.4.0-6ubuntu1~16.04.5) ]
  ignore line: [COMPILER_PATH=/usr/lib/gcc/x86_64-linux-gnu/5/:/usr/lib/gcc/x86_64-linux-gnu/5/:/usr/lib/gcc/x86_64-linux-gnu/:/usr/lib/gcc/x86_64-linux-gnu/5/:/usr/lib/gcc/x86_64-linux-gnu/]
  ignore line: [LIBRARY_PATH=/usr/lib/gcc/x86_64-linux-gnu/5/:/usr/lib/gcc/x86_64-linux-gnu/5/../../../x86_64-linux-gnu/:/usr/lib/gcc/x86_64-linux-gnu/5/../../../../lib/:/lib/x86_64-linux-gnu/:/lib/../lib/:/usr/lib/x86_64-linux-gnu/:/usr/lib/../lib/:/usr/lib/gcc/x86_64-linux-gnu/5/../../../:/lib/:/usr/lib/]
  ignore line: [COLLECT_GCC_OPTIONS='-v' '-o' 'cmTC_95693' '-rdynamic' '-shared-libgcc' '-mtune=generic' '-march=x86-64']
  link line: [ /usr/lib/gcc/x86_64-linux-gnu/5/collect2 -plugin /usr/lib/gcc/x86_64-linux-gnu/5/liblto_plugin.so -plugin-opt=/usr/lib/gcc/x86_64-linux-gnu/5/lto-wrapper -plugin-opt=-fresolution=/tmp/ccQXC8yE.res -plugin-opt=-pass-through=-lgcc_s -plugin-opt=-pass-through=-lgcc -plugin-opt=-pass-through=-lc -plugin-opt=-pass-through=-lgcc_s -plugin-opt=-pass-through=-lgcc --sysroot=/ --build-id --eh-frame-hdr -m elf_x86_64 --hash-style=gnu --as-needed -export-dynamic -dynamic-linker /lib64/ld-linux-x86-64.so.2 -z relro -o cmTC_95693 /usr/lib/gcc/x86_64-linux-gnu/5/../../../x86_64-linux-gnu/crt1.o /usr/lib/gcc/x86_64-linux-gnu/5/../../../x86_64-linux-gnu/crti.o /usr/lib/gcc/x86_64-linux-gnu/5/crtbegin.o -L/usr/lib/gcc/x86_64-linux-gnu/5 -L/usr/lib/gcc/x86_64-linux-gnu/5/../../../x86_64-linux-gnu -L/usr/lib/gcc/x86_64-linux-gnu/5/../../../../lib -L/lib/x86_64-linux-gnu -L/lib/../lib -L/usr/lib/x86_64-linux-gnu -L/usr/lib/../lib -L/usr/lib/gcc/x86_64-linux-gnu/5/../../.. CMakeFiles/cmTC_95693.dir/CMakeCXXCompilerABI.cpp.o -lstdc++ -lm -lgcc_s -lgcc -lc -lgcc_s -lgcc /usr/lib/gcc/x86_64-linux-gnu/5/crtend.o /usr/lib/gcc/x86_64-linux-gnu/5/../../../x86_64-linux-gnu/crtn.o]
    arg [/usr/lib/gcc/x86_64-linux-gnu/5/collect2] ==> ignore
    arg [-plugin] ==> ignore
    arg [/usr/lib/gcc/x86_64-linux-gnu/5/liblto_plugin.so] ==> ignore
    arg [-plugin-opt=/usr/lib/gcc/x86_64-linux-gnu/5/lto-wrapper] ==> ignore
    arg [-plugin-opt=-fresolution=/tmp/ccQXC8yE.res] ==> ignore
    arg [-plugin-opt=-pass-through=-lgcc_s] ==> ignore
    arg [-plugin-opt=-pass-through=-lgcc] ==> ignore
    arg [-plugin-opt=-pass-through=-lc] ==> ignore
    arg [-plugin-opt=-pass-through=-lgcc_s] ==> ignore
    arg [-plugin-opt=-pass-through=-lgcc] ==> ignore
    arg [--sysroot=/] ==> ignore
    arg [--build-id] ==> ignore
    arg [--eh-frame-hdr] ==> ignore
    arg [-m] ==> ignore
    arg [elf_x86_64] ==> ignore
    arg [--hash-style=gnu] ==> ignore
    arg [--as-needed] ==> ignore
    arg [-export-dynamic] ==> ignore
    arg [-dynamic-linker] ==> ignore
    arg [/lib64/ld-linux-x86-64.so.2] ==> ignore
    arg [-zrelro] ==> ignore
    arg [-o] ==> ignore
    arg [cmTC_95693] ==> ignore
    arg [/usr/lib/gcc/x86_64-linux-gnu/5/../../../x86_64-linux-gnu/crt1.o] ==> ignore
    arg [/usr/lib/gcc/x86_64-linux-gnu/5/../../../x86_64-linux-gnu/crti.o] ==> ignore
    arg [/usr/lib/gcc/x86_64-linux-gnu/5/crtbegin.o] ==> ignore
    arg [-L/usr/lib/gcc/x86_64-linux-gnu/5] ==> dir [/usr/lib/gcc/x86_64-linux-gnu/5]
    arg [-L/usr/lib/gcc/x86_64-linux-gnu/5/../../../x86_64-linux-gnu] ==> dir [/usr/lib/gcc/x86_64-linux-gnu/5/../../../x86_64-linux-gnu]
    arg [-L/usr/lib/gcc/x86_64-linux-gnu/5/../../../../lib] ==> dir [/usr/lib/gcc/x86_64-linux-gnu/5/../../../../lib]
    arg [-L/lib/x86_64-linux-gnu] ==> dir [/lib/x86_64-linux-gnu]
    arg [-L/lib/../lib] ==> dir [/lib/../lib]
    arg [-L/usr/lib/x86_64-linux-gnu] ==> dir [/usr/lib/x86_64-linux-gnu]
    arg [-L/usr/lib/../lib] ==> dir [/usr/lib/../lib]
    arg [-L/usr/lib/gcc/x86_64-linux-gnu/5/../../..] ==> dir [/usr/lib/gcc/x86_64-linux-gnu/5/../../..]
    arg [CMakeFiles/cmTC_95693.dir/CMakeCXXCompilerABI.cpp.o] ==> ignore
    arg [-lstdc++] ==> lib [stdc++]
    arg [-lm] ==> lib [m]
    arg [-lgcc_s] ==> lib [gcc_s]
    arg [-lgcc] ==> lib [gcc]
    arg [-lc] ==> lib [c]
    arg [-lgcc_s] ==> lib [gcc_s]
    arg [-lgcc] ==> lib [gcc]
    arg [/usr/lib/gcc/x86_64-linux-gnu/5/crtend.o] ==> ignore
    arg [/usr/lib/gcc/x86_64-linux-gnu/5/../../../x86_64-linux-gnu/crtn.o] ==> ignore
  remove lib [gcc_s]
  remove lib [gcc]
  remove lib [gcc_s]
  remove lib [gcc]
  collapse library dir [/usr/lib/gcc/x86_64-linux-gnu/5] ==> [/usr/lib/gcc/x86_64-linux-gnu/5]
  collapse library dir [/usr/lib/gcc/x86_64-linux-gnu/5/../../../x86_64-linux-gnu] ==> [/usr/lib/x86_64-linux-gnu]
  collapse library dir [/usr/lib/gcc/x86_64-linux-gnu/5/../../../../lib] ==> [/usr/lib]
  collapse library dir [/lib/x86_64-linux-gnu] ==> [/lib/x86_64-linux-gnu]
  collapse library dir [/lib/../lib] ==> [/lib]
  collapse library dir [/usr/lib/x86_64-linux-gnu] ==> [/usr/lib/x86_64-linux-gnu]
  collapse library dir [/usr/lib/../lib] ==> [/usr/lib]
  collapse library dir [/usr/lib/gcc/x86_64-linux-gnu/5/../../..] ==> [/usr/lib]
  implicit libs: [stdc++;m;c]
  implicit dirs: [/usr/lib/gcc/x86_64-linux-gnu/5;/usr/lib/x86_64-linux-gnu;/usr/lib;/lib/x86_64-linux-gnu;/lib]
  implicit fwks: []




Detecting CXX [-std=c++14] compiler features compiled with the following output:
Change Dir: /home/sefo/.emacs.d/elpa/rtags-20180224.1658/rtags-2.18/CMakeFiles/CMakeTmp

Run Build Command:"/usr/bin/make" "cmTC_54edc/fast"
/usr/bin/make -f CMakeFiles/cmTC_54edc.dir/build.make CMakeFiles/cmTC_54edc.dir/build
make[1]: Entering directory '/home/sefo/.emacs.d/elpa/rtags-20180224.1658/rtags-2.18/CMakeFiles/CMakeTmp'
Building CXX object CMakeFiles/cmTC_54edc.dir/feature_tests.cxx.o
/usr/bin/c++     -std=c++14 -o CMakeFiles/cmTC_54edc.dir/feature_tests.cxx.o -c /home/sefo/.emacs.d/elpa/rtags-20180224.1658/rtags-2.18/CMakeFiles/feature_tests.cxx
Linking CXX executable cmTC_54edc
/usr/bin/cmake -E cmake_link_script CMakeFiles/cmTC_54edc.dir/link.txt --verbose=1
/usr/bin/c++        CMakeFiles/cmTC_54edc.dir/feature_tests.cxx.o  -o cmTC_54edc -rdynamic 
make[1]: Leaving directory '/home/sefo/.emacs.d/elpa/rtags-20180224.1658/rtags-2.18/CMakeFiles/CMakeTmp'


    Feature record: CXX_FEATURE:1cxx_aggregate_default_initializers
    Feature record: CXX_FEATURE:1cxx_alias_templates
    Feature record: CXX_FEATURE:1cxx_alignas
    Feature record: CXX_FEATURE:1cxx_alignof
    Feature record: CXX_FEATURE:1cxx_attributes
    Feature record: CXX_FEATURE:1cxx_attribute_deprecated
    Feature record: CXX_FEATURE:1cxx_auto_type
    Feature record: CXX_FEATURE:1cxx_binary_literals
    Feature record: CXX_FEATURE:1cxx_constexpr
    Feature record: CXX_FEATURE:1cxx_contextual_conversions
    Feature record: CXX_FEATURE:1cxx_decltype
    Feature record: CXX_FEATURE:1cxx_decltype_auto
    Feature record: CXX_FEATURE:1cxx_decltype_incomplete_return_types
    Feature record: CXX_FEATURE:1cxx_default_function_template_args
    Feature record: CXX_FEATURE:1cxx_defaulted_functions
    Feature record: CXX_FEATURE:1cxx_defaulted_move_initializers
    Feature record: CXX_FEATURE:1cxx_delegating_constructors
    Feature record: CXX_FEATURE:1cxx_deleted_functions
    Feature record: CXX_FEATURE:1cxx_digit_separators
    Feature record: CXX_FEATURE:1cxx_enum_forward_declarations
    Feature record: CXX_FEATURE:1cxx_explicit_conversions
    Feature record: CXX_FEATURE:1cxx_extended_friend_declarations
    Feature record: CXX_FEATURE:1cxx_extern_templates
    Feature record: CXX_FEATURE:1cxx_final
    Feature record: CXX_FEATURE:1cxx_func_identifier
    Feature record: CXX_FEATURE:1cxx_generalized_initializers
    Feature record: CXX_FEATURE:1cxx_generic_lambdas
    Feature record: CXX_FEATURE:1cxx_inheriting_constructors
    Feature record: CXX_FEATURE:1cxx_inline_namespaces
    Feature record: CXX_FEATURE:1cxx_lambdas
    Feature record: CXX_FEATURE:1cxx_lambda_init_captures
    Feature record: CXX_FEATURE:1cxx_local_type_template_args
    Feature record: CXX_FEATURE:1cxx_long_long_type
    Feature record: CXX_FEATURE:1cxx_noexcept
    Feature record: CXX_FEATURE:1cxx_nonstatic_member_init
    Feature record: CXX_FEATURE:1cxx_nullptr
    Feature record: CXX_FEATURE:1cxx_override
    Feature record: CXX_FEATURE:1cxx_range_for
    Feature record: CXX_FEATURE:1cxx_raw_string_literals
    Feature record: CXX_FEATURE:1cxx_reference_qualified_functions
    Feature record: CXX_FEATURE:1cxx_relaxed_constexpr
    Feature record: CXX_FEATURE:1cxx_return_type_deduction
    Feature record: CXX_FEATURE:1cxx_right_angle_brackets
    Feature record: CXX_FEATURE:1cxx_rvalue_references
    Feature record: CXX_FEATURE:1cxx_sizeof_member
    Feature record: CXX_FEATURE:1cxx_static_assert
    Feature record: CXX_FEATURE:1cxx_strong_enums
    Feature record: CXX_FEATURE:1cxx_template_template_parameters
    Feature record: CXX_FEATURE:1cxx_thread_local
    Feature record: CXX_FEATURE:1cxx_trailing_return_types
    Feature record: CXX_FEATURE:1cxx_unicode_literals
    Feature record: CXX_FEATURE:1cxx_uniform_initialization
    Feature record: CXX_FEATURE:1cxx_unrestricted_unions
    Feature record: CXX_FEATURE:1cxx_user_literals
    Feature record: CXX_FEATURE:1cxx_variable_templates
    Feature record: CXX_FEATURE:1cxx_variadic_macros
    Feature record: CXX_FEATURE:1cxx_variadic_templates


Detecting CXX [-std=c++11] compiler features compiled with the following output:
Change Dir: /home/sefo/.emacs.d/elpa/rtags-20180224.1658/rtags-2.18/CMakeFiles/CMakeTmp

Run Build Command:"/usr/bin/make" "cmTC_83f86/fast"
/usr/bin/make -f CMakeFiles/cmTC_83f86.dir/build.make CMakeFiles/cmTC_83f86.dir/build
make[1]: Entering directory '/home/sefo/.emacs.d/elpa/rtags-20180224.1658/rtags-2.18/CMakeFiles/CMakeTmp'
Building CXX object CMakeFiles/cmTC_83f86.dir/feature_tests.cxx.o
/usr/bin/c++     -std=c++11 -o CMakeFiles/cmTC_83f86.dir/feature_tests.cxx.o -c /home/sefo/.emacs.d/elpa/rtags-20180224.1658/rtags-2.18/CMakeFiles/feature_tests.cxx
Linking CXX executable cmTC_83f86
/usr/bin/cmake -E cmake_link_script CMakeFiles/cmTC_83f86.dir/link.txt --verbose=1
/usr/bin/c++        CMakeFiles/cmTC_83f86.dir/feature_tests.cxx.o  -o cmTC_83f86 -rdynamic 
make[1]: Leaving directory '/home/sefo/.emacs.d/elpa/rtags-20180224.1658/rtags-2.18/CMakeFiles/CMakeTmp'


    Feature record: CXX_FEATURE:0cxx_aggregate_default_initializers
    Feature record: CXX_FEATURE:1cxx_alias_templates
    Feature record: CXX_FEATURE:1cxx_alignas
    Feature record: CXX_FEATURE:1cxx_alignof
    Feature record: CXX_FEATURE:1cxx_attributes
    Feature record: CXX_FEATURE:0cxx_attribute_deprecated
    Feature record: CXX_FEATURE:1cxx_auto_type
    Feature record: CXX_FEATURE:0cxx_binary_literals
    Feature record: CXX_FEATURE:1cxx_constexpr
    Feature record: CXX_FEATURE:0cxx_contextual_conversions
    Feature record: CXX_FEATURE:1cxx_decltype
    Feature record: CXX_FEATURE:0cxx_decltype_auto
    Feature record: CXX_FEATURE:1cxx_decltype_incomplete_return_types
    Feature record: CXX_FEATURE:1cxx_default_function_template_args
    Feature record: CXX_FEATURE:1cxx_defaulted_functions
    Feature record: CXX_FEATURE:1cxx_defaulted_move_initializers
    Feature record: CXX_FEATURE:1cxx_delegating_constructors
    Feature record: CXX_FEATURE:1cxx_deleted_functions
    Feature record: CXX_FEATURE:0cxx_digit_separators
    Feature record: CXX_FEATURE:1cxx_enum_forward_declarations
    Feature record: CXX_FEATURE:1cxx_explicit_conversions
    Feature record: CXX_FEATURE:1cxx_extended_friend_declarations
    Feature record: CXX_FEATURE:1cxx_extern_templates
    Feature record: CXX_FEATURE:1cxx_final
    Feature record: CXX_FEATURE:1cxx_func_identifier
    Feature record: CXX_FEATURE:1cxx_generalized_initializers
    Feature record: CXX_FEATURE:0cxx_generic_lambdas
    Feature record: CXX_FEATURE:1cxx_inheriting_constructors
    Feature record: CXX_FEATURE:1cxx_inline_namespaces
    Feature record: CXX_FEATURE:1cxx_lambdas
    Feature record: CXX_FEATURE:0cxx_lambda_init_captures
    Feature record: CXX_FEATURE:1cxx_local_type_template_args
    Feature record: CXX_FEATURE:1cxx_long_long_type
    Feature record: CXX_FEATURE:1cxx_noexcept
    Feature record: CXX_FEATURE:1cxx_nonstatic_member_init
    Feature record: CXX_FEATURE:1cxx_nullptr
    Feature record: CXX_FEATURE:1cxx_override
    Feature record: CXX_FEATURE:1cxx_range_for
    Feature record: CXX_FEATURE:1cxx_raw_string_literals
    Feature record: CXX_FEATURE:1cxx_reference_qualified_functions
    Feature record: CXX_FEATURE:0cxx_relaxed_constexpr
    Feature record: CXX_FEATURE:0cxx_return_type_deduction
    Feature record: CXX_FEATURE:1cxx_right_angle_brackets
    Feature record: CXX_FEATURE:1cxx_rvalue_references
    Feature record: CXX_FEATURE:1cxx_sizeof_member
    Feature record: CXX_FEATURE:1cxx_static_assert
    Feature record: CXX_FEATURE:1cxx_strong_enums
    Feature record: CXX_FEATURE:1cxx_template_template_parameters
    Feature record: CXX_FEATURE:1cxx_thread_local
    Feature record: CXX_FEATURE:1cxx_trailing_return_types
    Feature record: CXX_FEATURE:1cxx_unicode_literals
    Feature record: CXX_FEATURE:1cxx_uniform_initialization
    Feature record: CXX_FEATURE:1cxx_unrestricted_unions
    Feature record: CXX_FEATURE:1cxx_user_literals
    Feature record: CXX_FEATURE:0cxx_variable_templates
    Feature record: CXX_FEATURE:1cxx_variadic_macros
    Feature record: CXX_FEATURE:1cxx_variadic_templates


Detecting CXX [-std=c++98] compiler features compiled with the following output:
Change Dir: /home/sefo/.emacs.d/elpa/rtags-20180224.1658/rtags-2.18/CMakeFiles/CMakeTmp

Run Build Command:"/usr/bin/make" "cmTC_22a14/fast"
/usr/bin/make -f CMakeFiles/cmTC_22a14.dir/build.make CMakeFiles/cmTC_22a14.dir/build
make[1]: Entering directory '/home/sefo/.emacs.d/elpa/rtags-20180224.1658/rtags-2.18/CMakeFiles/CMakeTmp'
Building CXX object CMakeFiles/cmTC_22a14.dir/feature_tests.cxx.o
/usr/bin/c++     -std=c++98 -o CMakeFiles/cmTC_22a14.dir/feature_tests.cxx.o -c /home/sefo/.emacs.d/elpa/rtags-20180224.1658/rtags-2.18/CMakeFiles/feature_tests.cxx
Linking CXX executable cmTC_22a14
/usr/bin/cmake -E cmake_link_script CMakeFiles/cmTC_22a14.dir/link.txt --verbose=1
/usr/bin/c++        CMakeFiles/cmTC_22a14.dir/feature_tests.cxx.o  -o cmTC_22a14 -rdynamic 
make[1]: Leaving directory '/home/sefo/.emacs.d/elpa/rtags-20180224.1658/rtags-2.18/CMakeFiles/CMakeTmp'


    Feature record: CXX_FEATURE:0cxx_aggregate_default_initializers
    Feature record: CXX_FEATURE:0cxx_alias_templates
    Feature record: CXX_FEATURE:0cxx_alignas
    Feature record: CXX_FEATURE:0cxx_alignof
    Feature record: CXX_FEATURE:0cxx_attributes
    Feature record: CXX_FEATURE:0cxx_attribute_deprecated
    Feature record: CXX_FEATURE:0cxx_auto_type
    Feature record: CXX_FEATURE:0cxx_binary_literals
    Feature record: CXX_FEATURE:0cxx_constexpr
    Feature record: CXX_FEATURE:0cxx_contextual_conversions
    Feature record: CXX_FEATURE:0cxx_decltype
    Feature record: CXX_FEATURE:0cxx_decltype_auto
    Feature record: CXX_FEATURE:0cxx_decltype_incomplete_return_types
    Feature record: CXX_FEATURE:0cxx_default_function_template_args
    Feature record: CXX_FEATURE:0cxx_defaulted_functions
    Feature record: CXX_FEATURE:0cxx_defaulted_move_initializers
    Feature record: CXX_FEATURE:0cxx_delegating_constructors
    Feature record: CXX_FEATURE:0cxx_deleted_functions
    Feature record: CXX_FEATURE:0cxx_digit_separators
    Feature record: CXX_FEATURE:0cxx_enum_forward_declarations
    Feature record: CXX_FEATURE:0cxx_explicit_conversions
    Feature record: CXX_FEATURE:0cxx_extended_friend_declarations
    Feature record: CXX_FEATURE:0cxx_extern_templates
    Feature record: CXX_FEATURE:0cxx_final
    Feature record: CXX_FEATURE:0cxx_func_identifier
    Feature record: CXX_FEATURE:0cxx_generalized_initializers
    Feature record: CXX_FEATURE:0cxx_generic_lambdas
    Feature record: CXX_FEATURE:0cxx_inheriting_constructors
    Feature record: CXX_FEATURE:0cxx_inline_namespaces
    Feature record: CXX_FEATURE:0cxx_lambdas
    Feature record: CXX_FEATURE:0cxx_lambda_init_captures
    Feature record: CXX_FEATURE:0cxx_local_type_template_args
    Feature record: CXX_FEATURE:0cxx_long_long_type
    Feature record: CXX_FEATURE:0cxx_noexcept
    Feature record: CXX_FEATURE:0cxx_nonstatic_member_init
    Feature record: CXX_FEATURE:0cxx_nullptr
    Feature record: CXX_FEATURE:0cxx_override
    Feature record: CXX_FEATURE:0cxx_range_for
    Feature record: CXX_FEATURE:0cxx_raw_string_literals
    Feature record: CXX_FEATURE:0cxx_reference_qualified_functions
    Feature record: CXX_FEATURE:0cxx_relaxed_constexpr
    Feature record: CXX_FEATURE:0cxx_return_type_deduction
    Feature record: CXX_FEATURE:0cxx_right_angle_brackets
    Feature record: CXX_FEATURE:0cxx_rvalue_references
    Feature record: CXX_FEATURE:0cxx_sizeof_member
    Feature record: CXX_FEATURE:0cxx_static_assert
    Feature record: CXX_FEATURE:0cxx_strong_enums
    Feature record: CXX_FEATURE:1cxx_template_template_parameters
    Feature record: CXX_FEATURE:0cxx_thread_local
    Feature record: CXX_FEATURE:0cxx_trailing_return_types
    Feature record: CXX_FEATURE:0cxx_unicode_literals
    Feature record: CXX_FEATURE:0cxx_uniform_initialization
    Feature record: CXX_FEATURE:0cxx_unrestricted_unions
    Feature record: CXX_FEATURE:0cxx_user_literals
    Feature record: CXX_FEATURE:0cxx_variable_templates
    Feature record: CXX_FEATURE:0cxx_variadic_macros
    Feature record: CXX_FEATURE:0cxx_variadic_templates
Performing C++ SOURCE FILE Test LIBCLANG_COMPILES succeeded with the following output:
Change Dir: /home/sefo/.emacs.d/elpa/rtags-20180224.1658/rtags-2.18/CMakeFiles/CMakeTmp

Run Build Command:"/usr/bin/make" "cmTC_a128a/fast"
/usr/bin/make -f CMakeFiles/cmTC_a128a.dir/build.make CMakeFiles/cmTC_a128a.dir/build
make[1]: Entering directory '/home/sefo/.emacs.d/elpa/rtags-20180224.1658/rtags-2.18/CMakeFiles/CMakeTmp'
Building CXX object CMakeFiles/cmTC_a128a.dir/src.cxx.o
/usr/bin/c++     -I/usr/lib/llvm-3.8/include -D_GNU_SOURCE -D__STDC_CONSTANT_MACROS -D__STDC_FORMAT_MACROS -D__STDC_LIMIT_MACROS -DLIBCLANG_COMPILES  -I/usr/lib/llvm-3.8/include -D_GNU_SOURCE -D__STDC_CONSTANT_MACROS -D__STDC_FORMAT_MACROS -D__STDC_LIMIT_MACROS   -o CMakeFiles/cmTC_a128a.dir/src.cxx.o -c /home/sefo/.emacs.d/elpa/rtags-20180224.1658/rtags-2.18/CMakeFiles/CMakeTmp/src.cxx
Linking CXX executable cmTC_a128a
/usr/bin/cmake -E cmake_link_script CMakeFiles/cmTC_a128a.dir/link.txt --verbose=1
/usr/bin/c++    -I/usr/lib/llvm-3.8/include -D_GNU_SOURCE -D__STDC_CONSTANT_MACROS -D__STDC_FORMAT_MACROS -D__STDC_LIMIT_MACROS -DLIBCLANG_COMPILES  -I/usr/lib/llvm-3.8/include -D_GNU_SOURCE -D__STDC_CONSTANT_MACROS -D__STDC_FORMAT_MACROS -D__STDC_LIMIT_MACROS    CMakeFiles/cmTC_a128a.dir/src.cxx.o  -o cmTC_a128a -rdynamic /usr/lib/llvm-3.8/lib/libclang.so -Wl,-rpath,/usr/lib/llvm-3.8/lib 
make[1]: Leaving directory '/home/sefo/.emacs.d/elpa/rtags-20180224.1658/rtags-2.18/CMakeFiles/CMakeTmp'

Source file was:

#include <clang-c/Index.h>

int main()
{
    CXIndex index = clang_createIndex(0, true);
    CXTranslationUnit unit = clang_parseTranslationUnit(index, 0, 0, 0, 0, 0, 0);
    clang_disposeTranslationUnit(unit);
    clang_disposeIndex(index);
    return 0;
}

Determining if the backtrace exist passed with the following output:
Change Dir: /home/sefo/.emacs.d/elpa/rtags-20180224.1658/rtags-2.18/CMakeFiles/CMakeTmp

Run Build Command:"/usr/bin/make" "cmTC_71885/fast"
/usr/bin/make -f CMakeFiles/cmTC_71885.dir/build.make CMakeFiles/cmTC_71885.dir/build
make[1]: Entering directory '/home/sefo/.emacs.d/elpa/rtags-20180224.1658/rtags-2.18/CMakeFiles/CMakeTmp'
Building CXX object CMakeFiles/cmTC_71885.dir/CheckSymbolExists.cxx.o
/usr/bin/c++     -I/usr/lib/llvm-3.8/include -D_GNU_SOURCE -D__STDC_CONSTANT_MACROS -D__STDC_FORMAT_MACROS -D__STDC_LIMIT_MACROS -Wall -Wextra -Wpointer-arith -Wnon-virtual-dtor -Wformat -Wshadow -std=c++11 -pthread    -o CMakeFiles/cmTC_71885.dir/CheckSymbolExists.cxx.o -c /home/sefo/.emacs.d/elpa/rtags-20180224.1658/rtags-2.18/CMakeFiles/CMakeTmp/CheckSymbolExists.cxx
Linking CXX executable cmTC_71885
/usr/bin/cmake -E cmake_link_script CMakeFiles/cmTC_71885.dir/link.txt --verbose=1
/usr/bin/c++    -I/usr/lib/llvm-3.8/include -D_GNU_SOURCE -D__STDC_CONSTANT_MACROS -D__STDC_FORMAT_MACROS -D__STDC_LIMIT_MACROS -Wall -Wextra -Wpointer-arith -Wnon-virtual-dtor -Wformat -Wshadow -std=c++11 -pthread     CMakeFiles/cmTC_71885.dir/CheckSymbolExists.cxx.o  -o cmTC_71885 -rdynamic 
make[1]: Leaving directory '/home/sefo/.emacs.d/elpa/rtags-20180224.1658/rtags-2.18/CMakeFiles/CMakeTmp'

File /home/sefo/.emacs.d/elpa/rtags-20180224.1658/rtags-2.18/CMakeFiles/CMakeTmp/CheckSymbolExists.cxx:
/* */
#include <execinfo.h>

int main(int argc, char** argv)
{
  (void)argv;
#ifndef backtrace
  return ((int*)(&backtrace))[argc];
#else
  (void)argc;
  return 0;
#endif
}

Determining if the CLOCK_MONOTONIC_RAW exist passed with the following output:
Change Dir: /home/sefo/.emacs.d/elpa/rtags-20180224.1658/rtags-2.18/CMakeFiles/CMakeTmp

Run Build Command:"/usr/bin/make" "cmTC_755f8/fast"
/usr/bin/make -f CMakeFiles/cmTC_755f8.dir/build.make CMakeFiles/cmTC_755f8.dir/build
make[1]: Entering directory '/home/sefo/.emacs.d/elpa/rtags-20180224.1658/rtags-2.18/CMakeFiles/CMakeTmp'
Building CXX object CMakeFiles/cmTC_755f8.dir/CheckSymbolExists.cxx.o
/usr/bin/c++     -I/usr/lib/llvm-3.8/include -D_GNU_SOURCE -D__STDC_CONSTANT_MACROS -D__STDC_FORMAT_MACROS -D__STDC_LIMIT_MACROS -Wall -Wextra -Wpointer-arith -Wnon-virtual-dtor -Wformat -Wshadow -std=c++11 -pthread    -o CMakeFiles/cmTC_755f8.dir/CheckSymbolExists.cxx.o -c /home/sefo/.emacs.d/elpa/rtags-20180224.1658/rtags-2.18/CMakeFiles/CMakeTmp/CheckSymbolExists.cxx
Linking CXX executable cmTC_755f8
/usr/bin/cmake -E cmake_link_script CMakeFiles/cmTC_755f8.dir/link.txt --verbose=1
/usr/bin/c++    -I/usr/lib/llvm-3.8/include -D_GNU_SOURCE -D__STDC_CONSTANT_MACROS -D__STDC_FORMAT_MACROS -D__STDC_LIMIT_MACROS -Wall -Wextra -Wpointer-arith -Wnon-virtual-dtor -Wformat -Wshadow -std=c++11 -pthread     CMakeFiles/cmTC_755f8.dir/CheckSymbolExists.cxx.o  -o cmTC_755f8 -rdynamic 
make[1]: Leaving directory '/home/sefo/.emacs.d/elpa/rtags-20180224.1658/rtags-2.18/CMakeFiles/CMakeTmp'

File /home/sefo/.emacs.d/elpa/rtags-20180224.1658/rtags-2.18/CMakeFiles/CMakeTmp/CheckSymbolExists.cxx:
/* */
#include <time.h>

int main(int argc, char** argv)
{
  (void)argv;
#ifndef CLOCK_MONOTONIC_RAW
  return ((int*)(&CLOCK_MONOTONIC_RAW))[argc];
#else
  (void)argc;
  return 0;
#endif
}

Determining if the CLOCK_MONOTONIC exist passed with the following output:
Change Dir: /home/sefo/.emacs.d/elpa/rtags-20180224.1658/rtags-2.18/CMakeFiles/CMakeTmp

Run Build Command:"/usr/bin/make" "cmTC_62ca6/fast"
/usr/bin/make -f CMakeFiles/cmTC_62ca6.dir/build.make CMakeFiles/cmTC_62ca6.dir/build
make[1]: Entering directory '/home/sefo/.emacs.d/elpa/rtags-20180224.1658/rtags-2.18/CMakeFiles/CMakeTmp'
Building CXX object CMakeFiles/cmTC_62ca6.dir/CheckSymbolExists.cxx.o
/usr/bin/c++     -I/usr/lib/llvm-3.8/include -D_GNU_SOURCE -D__STDC_CONSTANT_MACROS -D__STDC_FORMAT_MACROS -D__STDC_LIMIT_MACROS -Wall -Wextra -Wpointer-arith -Wnon-virtual-dtor -Wformat -Wshadow -std=c++11 -pthread    -o CMakeFiles/cmTC_62ca6.dir/CheckSymbolExists.cxx.o -c /home/sefo/.emacs.d/elpa/rtags-20180224.1658/rtags-2.18/CMakeFiles/CMakeTmp/CheckSymbolExists.cxx
Linking CXX executable cmTC_62ca6
/usr/bin/cmake -E cmake_link_script CMakeFiles/cmTC_62ca6.dir/link.txt --verbose=1
/usr/bin/c++    -I/usr/lib/llvm-3.8/include -D_GNU_SOURCE -D__STDC_CONSTANT_MACROS -D__STDC_FORMAT_MACROS -D__STDC_LIMIT_MACROS -Wall -Wextra -Wpointer-arith -Wnon-virtual-dtor -Wformat -Wshadow -std=c++11 -pthread     CMakeFiles/cmTC_62ca6.dir/CheckSymbolExists.cxx.o  -o cmTC_62ca6 -rdynamic 
make[1]: Leaving directory '/home/sefo/.emacs.d/elpa/rtags-20180224.1658/rtags-2.18/CMakeFiles/CMakeTmp'

File /home/sefo/.emacs.d/elpa/rtags-20180224.1658/rtags-2.18/CMakeFiles/CMakeTmp/CheckSymbolExists.cxx:
/* */
#include <time.h>

int main(int argc, char** argv)
{
  (void)argv;
#ifndef CLOCK_MONOTONIC
  return ((int*)(&CLOCK_MONOTONIC))[argc];
#else
  (void)argc;
  return 0;
#endif
}

Determining if the inotify_init exist passed with the following output:
Change Dir: /home/sefo/.emacs.d/elpa/rtags-20180224.1658/rtags-2.18/CMakeFiles/CMakeTmp

Run Build Command:"/usr/bin/make" "cmTC_5cdd7/fast"
/usr/bin/make -f CMakeFiles/cmTC_5cdd7.dir/build.make CMakeFiles/cmTC_5cdd7.dir/build
make[1]: Entering directory '/home/sefo/.emacs.d/elpa/rtags-20180224.1658/rtags-2.18/CMakeFiles/CMakeTmp'
Building CXX object CMakeFiles/cmTC_5cdd7.dir/CheckSymbolExists.cxx.o
/usr/bin/c++     -I/usr/lib/llvm-3.8/include -D_GNU_SOURCE -D__STDC_CONSTANT_MACROS -D__STDC_FORMAT_MACROS -D__STDC_LIMIT_MACROS -Wall -Wextra -Wpointer-arith -Wnon-virtual-dtor -Wformat -Wshadow -std=c++11 -pthread    -o CMakeFiles/cmTC_5cdd7.dir/CheckSymbolExists.cxx.o -c /home/sefo/.emacs.d/elpa/rtags-20180224.1658/rtags-2.18/CMakeFiles/CMakeTmp/CheckSymbolExists.cxx
Linking CXX executable cmTC_5cdd7
/usr/bin/cmake -E cmake_link_script CMakeFiles/cmTC_5cdd7.dir/link.txt --verbose=1
/usr/bin/c++    -I/usr/lib/llvm-3.8/include -D_GNU_SOURCE -D__STDC_CONSTANT_MACROS -D__STDC_FORMAT_MACROS -D__STDC_LIMIT_MACROS -Wall -Wextra -Wpointer-arith -Wnon-virtual-dtor -Wformat -Wshadow -std=c++11 -pthread     CMakeFiles/cmTC_5cdd7.dir/CheckSymbolExists.cxx.o  -o cmTC_5cdd7 -rdynamic 
make[1]: Leaving directory '/home/sefo/.emacs.d/elpa/rtags-20180224.1658/rtags-2.18/CMakeFiles/CMakeTmp'

File /home/sefo/.emacs.d/elpa/rtags-20180224.1658/rtags-2.18/CMakeFiles/CMakeTmp/CheckSymbolExists.cxx:
/* */
#include <sys/inotify.h>

int main(int argc, char** argv)
{
  (void)argv;
#ifndef inotify_init
  return ((int*)(&inotify_init))[argc];
#else
  (void)argc;
  return 0;
#endif
}

Determining if the epoll_wait exist passed with the following output:
Change Dir: /home/sefo/.emacs.d/elpa/rtags-20180224.1658/rtags-2.18/CMakeFiles/CMakeTmp

Run Build Command:"/usr/bin/make" "cmTC_c000d/fast"
/usr/bin/make -f CMakeFiles/cmTC_c000d.dir/build.make CMakeFiles/cmTC_c000d.dir/build
make[1]: Entering directory '/home/sefo/.emacs.d/elpa/rtags-20180224.1658/rtags-2.18/CMakeFiles/CMakeTmp'
Building CXX object CMakeFiles/cmTC_c000d.dir/CheckSymbolExists.cxx.o
/usr/bin/c++     -I/usr/lib/llvm-3.8/include -D_GNU_SOURCE -D__STDC_CONSTANT_MACROS -D__STDC_FORMAT_MACROS -D__STDC_LIMIT_MACROS -Wall -Wextra -Wpointer-arith -Wnon-virtual-dtor -Wformat -Wshadow -std=c++11 -pthread    -o CMakeFiles/cmTC_c000d.dir/CheckSymbolExists.cxx.o -c /home/sefo/.emacs.d/elpa/rtags-20180224.1658/rtags-2.18/CMakeFiles/CMakeTmp/CheckSymbolExists.cxx
Linking CXX executable cmTC_c000d
/usr/bin/cmake -E cmake_link_script CMakeFiles/cmTC_c000d.dir/link.txt --verbose=1
/usr/bin/c++    -I/usr/lib/llvm-3.8/include -D_GNU_SOURCE -D__STDC_CONSTANT_MACROS -D__STDC_FORMAT_MACROS -D__STDC_LIMIT_MACROS -Wall -Wextra -Wpointer-arith -Wnon-virtual-dtor -Wformat -Wshadow -std=c++11 -pthread     CMakeFiles/cmTC_c000d.dir/CheckSymbolExists.cxx.o  -o cmTC_c000d -rdynamic 
make[1]: Leaving directory '/home/sefo/.emacs.d/elpa/rtags-20180224.1658/rtags-2.18/CMakeFiles/CMakeTmp'

File /home/sefo/.emacs.d/elpa/rtags-20180224.1658/rtags-2.18/CMakeFiles/CMakeTmp/CheckSymbolExists.cxx:
/* */
#include <sys/epoll.h>

int main(int argc, char** argv)
{
  (void)argv;
#ifndef epoll_wait
  return ((int*)(&epoll_wait))[argc];
#else
  (void)argc;
  return 0;
#endif
}

Determining if the select exist passed with the following output:
Change Dir: /home/sefo/.emacs.d/elpa/rtags-20180224.1658/rtags-2.18/CMakeFiles/CMakeTmp

Run Build Command:"/usr/bin/make" "cmTC_d57ce/fast"
/usr/bin/make -f CMakeFiles/cmTC_d57ce.dir/build.make CMakeFiles/cmTC_d57ce.dir/build
make[1]: Entering directory '/home/sefo/.emacs.d/elpa/rtags-20180224.1658/rtags-2.18/CMakeFiles/CMakeTmp'
Building CXX object CMakeFiles/cmTC_d57ce.dir/CheckSymbolExists.cxx.o
/usr/bin/c++     -I/usr/lib/llvm-3.8/include -D_GNU_SOURCE -D__STDC_CONSTANT_MACROS -D__STDC_FORMAT_MACROS -D__STDC_LIMIT_MACROS -Wall -Wextra -Wpointer-arith -Wnon-virtual-dtor -Wformat -Wshadow -std=c++11 -pthread    -o CMakeFiles/cmTC_d57ce.dir/CheckSymbolExists.cxx.o -c /home/sefo/.emacs.d/elpa/rtags-20180224.1658/rtags-2.18/CMakeFiles/CMakeTmp/CheckSymbolExists.cxx
Linking CXX executable cmTC_d57ce
/usr/bin/cmake -E cmake_link_script CMakeFiles/cmTC_d57ce.dir/link.txt --verbose=1
/usr/bin/c++    -I/usr/lib/llvm-3.8/include -D_GNU_SOURCE -D__STDC_CONSTANT_MACROS -D__STDC_FORMAT_MACROS -D__STDC_LIMIT_MACROS -Wall -Wextra -Wpointer-arith -Wnon-virtual-dtor -Wformat -Wshadow -std=c++11 -pthread     CMakeFiles/cmTC_d57ce.dir/CheckSymbolExists.cxx.o  -o cmTC_d57ce -rdynamic 
make[1]: Leaving directory '/home/sefo/.emacs.d/elpa/rtags-20180224.1658/rtags-2.18/CMakeFiles/CMakeTmp'

File /home/sefo/.emacs.d/elpa/rtags-20180224.1658/rtags-2.18/CMakeFiles/CMakeTmp/CheckSymbolExists.cxx:
/* */
#include <sys/select.h>

int main(int argc, char** argv)
{
  (void)argv;
#ifndef select
  return ((int*)(&select))[argc];
#else
  (void)argc;
  return 0;
#endif
}

Determining if the FD_CLOEXEC exist passed with the following output:
Change Dir: /home/sefo/.emacs.d/elpa/rtags-20180224.1658/rtags-2.18/CMakeFiles/CMakeTmp

Run Build Command:"/usr/bin/make" "cmTC_3eb84/fast"
/usr/bin/make -f CMakeFiles/cmTC_3eb84.dir/build.make CMakeFiles/cmTC_3eb84.dir/build
make[1]: Entering directory '/home/sefo/.emacs.d/elpa/rtags-20180224.1658/rtags-2.18/CMakeFiles/CMakeTmp'
Building CXX object CMakeFiles/cmTC_3eb84.dir/CheckSymbolExists.cxx.o
/usr/bin/c++     -I/usr/lib/llvm-3.8/include -D_GNU_SOURCE -D__STDC_CONSTANT_MACROS -D__STDC_FORMAT_MACROS -D__STDC_LIMIT_MACROS -Wall -Wextra -Wpointer-arith -Wnon-virtual-dtor -Wformat -Wshadow -std=c++11 -pthread    -o CMakeFiles/cmTC_3eb84.dir/CheckSymbolExists.cxx.o -c /home/sefo/.emacs.d/elpa/rtags-20180224.1658/rtags-2.18/CMakeFiles/CMakeTmp/CheckSymbolExists.cxx
Linking CXX executable cmTC_3eb84
/usr/bin/cmake -E cmake_link_script CMakeFiles/cmTC_3eb84.dir/link.txt --verbose=1
/usr/bin/c++    -I/usr/lib/llvm-3.8/include -D_GNU_SOURCE -D__STDC_CONSTANT_MACROS -D__STDC_FORMAT_MACROS -D__STDC_LIMIT_MACROS -Wall -Wextra -Wpointer-arith -Wnon-virtual-dtor -Wformat -Wshadow -std=c++11 -pthread     CMakeFiles/cmTC_3eb84.dir/CheckSymbolExists.cxx.o  -o cmTC_3eb84 -rdynamic 
make[1]: Leaving directory '/home/sefo/.emacs.d/elpa/rtags-20180224.1658/rtags-2.18/CMakeFiles/CMakeTmp'

File /home/sefo/.emacs.d/elpa/rtags-20180224.1658/rtags-2.18/CMakeFiles/CMakeTmp/CheckSymbolExists.cxx:
/* */
#include <fcntl.h>

int main(int argc, char** argv)
{
  (void)argv;
#ifndef FD_CLOEXEC
  return ((int*)(&FD_CLOEXEC))[argc];
#else
  (void)argc;
  return 0;
#endif
}

Determining if the MSG_NOSIGNAL exist passed with the following output:
Change Dir: /home/sefo/.emacs.d/elpa/rtags-20180224.1658/rtags-2.18/CMakeFiles/CMakeTmp

Run Build Command:"/usr/bin/make" "cmTC_0de84/fast"
/usr/bin/make -f CMakeFiles/cmTC_0de84.dir/build.make CMakeFiles/cmTC_0de84.dir/build
make[1]: Entering directory '/home/sefo/.emacs.d/elpa/rtags-20180224.1658/rtags-2.18/CMakeFiles/CMakeTmp'
Building CXX object CMakeFiles/cmTC_0de84.dir/CheckSymbolExists.cxx.o
/usr/bin/c++     -I/usr/lib/llvm-3.8/include -D_GNU_SOURCE -D__STDC_CONSTANT_MACROS -D__STDC_FORMAT_MACROS -D__STDC_LIMIT_MACROS -Wall -Wextra -Wpointer-arith -Wnon-virtual-dtor -Wformat -Wshadow -std=c++11 -pthread    -o CMakeFiles/cmTC_0de84.dir/CheckSymbolExists.cxx.o -c /home/sefo/.emacs.d/elpa/rtags-20180224.1658/rtags-2.18/CMakeFiles/CMakeTmp/CheckSymbolExists.cxx
Linking CXX executable cmTC_0de84
/usr/bin/cmake -E cmake_link_script CMakeFiles/cmTC_0de84.dir/link.txt --verbose=1
/usr/bin/c++    -I/usr/lib/llvm-3.8/include -D_GNU_SOURCE -D__STDC_CONSTANT_MACROS -D__STDC_FORMAT_MACROS -D__STDC_LIMIT_MACROS -Wall -Wextra -Wpointer-arith -Wnon-virtual-dtor -Wformat -Wshadow -std=c++11 -pthread     CMakeFiles/cmTC_0de84.dir/CheckSymbolExists.cxx.o  -o cmTC_0de84 -rdynamic 
make[1]: Leaving directory '/home/sefo/.emacs.d/elpa/rtags-20180224.1658/rtags-2.18/CMakeFiles/CMakeTmp'

File /home/sefo/.emacs.d/elpa/rtags-20180224.1658/rtags-2.18/CMakeFiles/CMakeTmp/CheckSymbolExists.cxx:
/* */
#include <sys/types.h>
#include <sys/socket.h>

int main(int argc, char** argv)
{
  (void)argv;
#ifndef MSG_NOSIGNAL
  return ((int*)(&MSG_NOSIGNAL))[argc];
#else
  (void)argc;
  return 0;
#endif
}

Determining if the SCHED_IDLE exist passed with the following output:
Change Dir: /home/sefo/.emacs.d/elpa/rtags-20180224.1658/rtags-2.18/CMakeFiles/CMakeTmp

Run Build Command:"/usr/bin/make" "cmTC_2bf87/fast"
/usr/bin/make -f CMakeFiles/cmTC_2bf87.dir/build.make CMakeFiles/cmTC_2bf87.dir/build
make[1]: Entering directory '/home/sefo/.emacs.d/elpa/rtags-20180224.1658/rtags-2.18/CMakeFiles/CMakeTmp'
Building CXX object CMakeFiles/cmTC_2bf87.dir/CheckSymbolExists.cxx.o
/usr/bin/c++     -I/usr/lib/llvm-3.8/include -D_GNU_SOURCE -D__STDC_CONSTANT_MACROS -D__STDC_FORMAT_MACROS -D__STDC_LIMIT_MACROS -Wall -Wextra -Wpointer-arith -Wnon-virtual-dtor -Wformat -Wshadow -std=c++11 -pthread    -o CMakeFiles/cmTC_2bf87.dir/CheckSymbolExists.cxx.o -c /home/sefo/.emacs.d/elpa/rtags-20180224.1658/rtags-2.18/CMakeFiles/CMakeTmp/CheckSymbolExists.cxx
Linking CXX executable cmTC_2bf87
/usr/bin/cmake -E cmake_link_script CMakeFiles/cmTC_2bf87.dir/link.txt --verbose=1
/usr/bin/c++    -I/usr/lib/llvm-3.8/include -D_GNU_SOURCE -D__STDC_CONSTANT_MACROS -D__STDC_FORMAT_MACROS -D__STDC_LIMIT_MACROS -Wall -Wextra -Wpointer-arith -Wnon-virtual-dtor -Wformat -Wshadow -std=c++11 -pthread     CMakeFiles/cmTC_2bf87.dir/CheckSymbolExists.cxx.o  -o cmTC_2bf87 -rdynamic 
make[1]: Leaving directory '/home/sefo/.emacs.d/elpa/rtags-20180224.1658/rtags-2.18/CMakeFiles/CMakeTmp'

File /home/sefo/.emacs.d/elpa/rtags-20180224.1658/rtags-2.18/CMakeFiles/CMakeTmp/CheckSymbolExists.cxx:
/* */
#include <pthread.h>

int main(int argc, char** argv)
{
  (void)argv;
#ifndef SCHED_IDLE
  return ((int*)(&SCHED_IDLE))[argc];
#else
  (void)argc;
  return 0;
#endif
}

Determining if the SHM_DEST exist passed with the following output:
Change Dir: /home/sefo/.emacs.d/elpa/rtags-20180224.1658/rtags-2.18/CMakeFiles/CMakeTmp

Run Build Command:"/usr/bin/make" "cmTC_3e5fc/fast"
/usr/bin/make -f CMakeFiles/cmTC_3e5fc.dir/build.make CMakeFiles/cmTC_3e5fc.dir/build
make[1]: Entering directory '/home/sefo/.emacs.d/elpa/rtags-20180224.1658/rtags-2.18/CMakeFiles/CMakeTmp'
Building CXX object CMakeFiles/cmTC_3e5fc.dir/CheckSymbolExists.cxx.o
/usr/bin/c++     -I/usr/lib/llvm-3.8/include -D_GNU_SOURCE -D__STDC_CONSTANT_MACROS -D__STDC_FORMAT_MACROS -D__STDC_LIMIT_MACROS -Wall -Wextra -Wpointer-arith -Wnon-virtual-dtor -Wformat -Wshadow -std=c++11 -pthread    -o CMakeFiles/cmTC_3e5fc.dir/CheckSymbolExists.cxx.o -c /home/sefo/.emacs.d/elpa/rtags-20180224.1658/rtags-2.18/CMakeFiles/CMakeTmp/CheckSymbolExists.cxx
Linking CXX executable cmTC_3e5fc
/usr/bin/cmake -E cmake_link_script CMakeFiles/cmTC_3e5fc.dir/link.txt --verbose=1
/usr/bin/c++    -I/usr/lib/llvm-3.8/include -D_GNU_SOURCE -D__STDC_CONSTANT_MACROS -D__STDC_FORMAT_MACROS -D__STDC_LIMIT_MACROS -Wall -Wextra -Wpointer-arith -Wnon-virtual-dtor -Wformat -Wshadow -std=c++11 -pthread     CMakeFiles/cmTC_3e5fc.dir/CheckSymbolExists.cxx.o  -o cmTC_3e5fc -rdynamic 
make[1]: Leaving directory '/home/sefo/.emacs.d/elpa/rtags-20180224.1658/rtags-2.18/CMakeFiles/CMakeTmp'

File /home/sefo/.emacs.d/elpa/rtags-20180224.1658/rtags-2.18/CMakeFiles/CMakeTmp/CheckSymbolExists.cxx:
/* */
#include <sys/types.h>
#include <sys/ipc.h>
#include <sys/shm.h>

int main(int argc, char** argv)
{
  (void)argv;
#ifndef SHM_DEST
  return ((int*)(&SHM_DEST))[argc];
#else
  (void)argc;
  return 0;
#endif
}

Performing C++ SOURCE FILE Test HAVE_STATMTIM succeeded with the following output:
Change Dir: /home/sefo/.emacs.d/elpa/rtags-20180224.1658/rtags-2.18/CMakeFiles/CMakeTmp

Run Build Command:"/usr/bin/make" "cmTC_2bc95/fast"
/usr/bin/make -f CMakeFiles/cmTC_2bc95.dir/build.make CMakeFiles/cmTC_2bc95.dir/build
make[1]: Entering directory '/home/sefo/.emacs.d/elpa/rtags-20180224.1658/rtags-2.18/CMakeFiles/CMakeTmp'
Building CXX object CMakeFiles/cmTC_2bc95.dir/src.cxx.o
/usr/bin/c++     -I/usr/lib/llvm-3.8/include -D_GNU_SOURCE -D__STDC_CONSTANT_MACROS -D__STDC_FORMAT_MACROS -D__STDC_LIMIT_MACROS -Wall -Wextra -Wpointer-arith -Wnon-virtual-dtor -Wformat -Wshadow -std=c++11 -pthread -DHAVE_STATMTIM   -o CMakeFiles/cmTC_2bc95.dir/src.cxx.o -c /home/sefo/.emacs.d/elpa/rtags-20180224.1658/rtags-2.18/CMakeFiles/CMakeTmp/src.cxx
/home/sefo/.emacs.d/elpa/rtags-20180224.1658/rtags-2.18/CMakeFiles/CMakeTmp/src.cxx: In function int main(int, char**):
/home/sefo/.emacs.d/elpa/rtags-20180224.1658/rtags-2.18/CMakeFiles/CMakeTmp/src.cxx:6:25: warning: st.stat::st_mtim.timespec::tv_sec is used uninitialized in this function [-Wuninitialized]
       return st.st_mtim.tv_sec;
                         ^
Linking CXX executable cmTC_2bc95
/usr/bin/cmake -E cmake_link_script CMakeFiles/cmTC_2bc95.dir/link.txt --verbose=1
/usr/bin/c++    -I/usr/lib/llvm-3.8/include -D_GNU_SOURCE -D__STDC_CONSTANT_MACROS -D__STDC_FORMAT_MACROS -D__STDC_LIMIT_MACROS -Wall -Wextra -Wpointer-arith -Wnon-virtual-dtor -Wformat -Wshadow -std=c++11 -pthread -DHAVE_STATMTIM    CMakeFiles/cmTC_2bc95.dir/src.cxx.o  -o cmTC_2bc95 -rdynamic 
make[1]: Leaving directory '/home/sefo/.emacs.d/elpa/rtags-20180224.1658/rtags-2.18/CMakeFiles/CMakeTmp'

Source file was:

  #include <sys/types.h>
  #include <sys/stat.h>
  int main(int, char**) {
      struct stat st;
      return st.st_mtim.tv_sec;
  }
Performing C++ SOURCE FILE Test HAVE_CXX11 succeeded with the following output:
Change Dir: /home/sefo/.emacs.d/elpa/rtags-20180224.1658/rtags-2.18/CMakeFiles/CMakeTmp

Run Build Command:"/usr/bin/make" "cmTC_770e5/fast"
/usr/bin/make -f CMakeFiles/cmTC_770e5.dir/build.make CMakeFiles/cmTC_770e5.dir/build
make[1]: Entering directory '/home/sefo/.emacs.d/elpa/rtags-20180224.1658/rtags-2.18/CMakeFiles/CMakeTmp'
Building CXX object CMakeFiles/cmTC_770e5.dir/src.cxx.o
/usr/bin/c++     -I/usr/lib/llvm-3.8/include -D_GNU_SOURCE -D__STDC_CONSTANT_MACROS -D__STDC_FORMAT_MACROS -D__STDC_LIMIT_MACROS -Wall -Wextra -Wpointer-arith -Wnon-virtual-dtor -Wformat -Wshadow -std=c++11 -pthread -DHAVE_CXX11 -std=c++11   -o CMakeFiles/cmTC_770e5.dir/src.cxx.o -c /home/sefo/.emacs.d/elpa/rtags-20180224.1658/rtags-2.18/CMakeFiles/CMakeTmp/src.cxx
Linking CXX executable cmTC_770e5
/usr/bin/cmake -E cmake_link_script CMakeFiles/cmTC_770e5.dir/link.txt --verbose=1
/usr/bin/c++    -I/usr/lib/llvm-3.8/include -D_GNU_SOURCE -D__STDC_CONSTANT_MACROS -D__STDC_FORMAT_MACROS -D__STDC_LIMIT_MACROS -Wall -Wextra -Wpointer-arith -Wnon-virtual-dtor -Wformat -Wshadow -std=c++11 -pthread -DHAVE_CXX11 -std=c++11    CMakeFiles/cmTC_770e5.dir/src.cxx.o  -o cmTC_770e5 -rdynamic 
make[1]: Leaving directory '/home/sefo/.emacs.d/elpa/rtags-20180224.1658/rtags-2.18/CMakeFiles/CMakeTmp'

Source file was:

  #include <functional>
  #include <memory>
  #include <mutex>
  #include <tuple>
  #include <string>
  #include </home/sefo/.emacs.d/elpa/rtags-20180224.1658/rtags-2.18/src/rct/rct/Apply.h>

  void callTest(int, std::string) { }

  int main(int, char**) {
      std::shared_ptr<int> ptr;
      std::mutex mtx;
      std::unique_lock<std::mutex> lock(mtx);
      std::tuple<int, std::string> tpl(5, std::string("foo"));
      applyMove(std::bind(callTest, std::placeholders::_1, std::placeholders::_2), tpl);
      return 0;
  }
Performing C++ SOURCE FILE Test HAVE_STRING_ITERATOR_ERASE succeeded with the following output:
Change Dir: /home/sefo/.emacs.d/elpa/rtags-20180224.1658/rtags-2.18/CMakeFiles/CMakeTmp

Run Build Command:"/usr/bin/make" "cmTC_183ad/fast"
/usr/bin/make -f CMakeFiles/cmTC_183ad.dir/build.make CMakeFiles/cmTC_183ad.dir/build
make[1]: Entering directory '/home/sefo/.emacs.d/elpa/rtags-20180224.1658/rtags-2.18/CMakeFiles/CMakeTmp'
Building CXX object CMakeFiles/cmTC_183ad.dir/src.cxx.o
/usr/bin/c++     -I/usr/lib/llvm-3.8/include -D_GNU_SOURCE -D__STDC_CONSTANT_MACROS -D__STDC_FORMAT_MACROS -D__STDC_LIMIT_MACROS -Wall -Wextra -Wpointer-arith -Wnon-virtual-dtor -Wformat -Wshadow -std=c++11 -pthread -DHAVE_STRING_ITERATOR_ERASE -std=c++11   -o CMakeFiles/cmTC_183ad.dir/src.cxx.o -c /home/sefo/.emacs.d/elpa/rtags-20180224.1658/rtags-2.18/CMakeFiles/CMakeTmp/src.cxx
Linking CXX executable cmTC_183ad
/usr/bin/cmake -E cmake_link_script CMakeFiles/cmTC_183ad.dir/link.txt --verbose=1
/usr/bin/c++    -I/usr/lib/llvm-3.8/include -D_GNU_SOURCE -D__STDC_CONSTANT_MACROS -D__STDC_FORMAT_MACROS -D__STDC_LIMIT_MACROS -Wall -Wextra -Wpointer-arith -Wnon-virtual-dtor -Wformat -Wshadow -std=c++11 -pthread -DHAVE_STRING_ITERATOR_ERASE -std=c++11    CMakeFiles/cmTC_183ad.dir/src.cxx.o  -o cmTC_183ad -rdynamic 
make[1]: Leaving directory '/home/sefo/.emacs.d/elpa/rtags-20180224.1658/rtags-2.18/CMakeFiles/CMakeTmp'

Return value: 1
Source file was:

  #include <string>

  int main(int, char **)
  {
      std::string str = "foobar testing";
      std::string::iterator it = str.erase(str.begin(), str.end());
      return 0;
  }
